<?xml version="1.0" encoding="UTF-8"?>
<!-- Generated by org.testng.reporters.JUnitReportReporter -->
<testsuite hostname="Sony-PC" failures="0" tests="3" name="testNG.Sample" time="0.021" errors="0" timestamp="2020-10-10T13:43:35 IST" skipped="1">
  <testcase classname="testNG.Sample" name="thirdTestCase" time="0.019"/>
  <system-out/>
  <testcase classname="testNG.Sample" name="secondTestCase" time="0.002"/>
  <system-out/>
  <testcase classname="testNG.Sample" name="firstTestCase">
    <skipped/>
  </testcase> <!-- firstTestCase -->
  <system-out/>
</testsuite> <!-- testNG.Sample -->
