<?xml version="1.0" encoding="UTF-8"?>
<!-- Generated by org.testng.reporters.JUnitReportReporter -->
<testsuite hostname="Sony-PC" failures="0" tests="3" name="testNG.DependacisManagement" time="0.013" errors="0" timestamp="2020-10-10T13:43:35 IST" skipped="0">
  <testcase classname="testNG.DependacisManagement" name="highSchool" time="0.006"/>
  <system-out/>
  <testcase classname="testNG.DependacisManagement" name="higherSecondrt" time="0.003"/>
  <system-out/>
  <testcase classname="testNG.DependacisManagement" name="engineering" time="0.004"/>
  <system-out/>
</testsuite> <!-- testNG.DependacisManagement -->
