<?xml version="1.0" encoding="UTF-8"?>
<!-- Generated by org.testng.reporters.JUnitReportReporter -->
<testsuite hostname="Sony-PC" failures="0" tests="1" name="testNG.OrderOfExcutision" time="0.009" errors="0" timestamp="2020-10-12T18:22:29 IST" skipped="0">
  <testcase classname="testNG.OrderOfExcutision" name="test2" time="0.009"/>
  <system-out/>
</testsuite> <!-- testNG.OrderOfExcutision -->
