<?xml version="1.0" encoding="UTF-8"?>
<!-- Generated by org.testng.reporters.JUnitReportReporter -->
<testsuite hostname="Sony-PC" failures="0" tests="4" name="testNG.Grouping" time="0.052" errors="0" timestamp="2020-10-11T17:38:09 IST" skipped="0">
  <testcase classname="testNG.Grouping" name="moto1" time="0.002"/>
  <system-out/>
  <testcase classname="testNG.Grouping" name="lenovo1" time="0.045"/>
  <system-out/>
  <testcase classname="testNG.Grouping" name="lenovo2" time="0.003"/>
  <system-out/>
  <testcase classname="testNG.Grouping" name="moto2" time="0.002"/>
  <system-out/>
</testsuite> <!-- testNG.Grouping -->
