<?xml version="1.0" encoding="UTF-8"?>
<!-- Generated by org.testng.reporters.JUnitReportReporter -->
<testsuite hostname="Sony-PC" failures="0" tests="2" name="testNG.ParallelExecution" time="199.818" errors="0" timestamp="2020-10-12T00:25:47 IST" skipped="0">
  <testcase classname="testNG.ParallelExecution" name="openGoogle" time="105.310"/>
  <system-out/>
  <testcase classname="testNG.ParallelExecution" name="openBing" time="94.508"/>
  <system-out/>
</testsuite> <!-- testNG.ParallelExecution -->
