<?xml version="1.0" encoding="UTF-8"?>
<!-- Generated by org.testng.reporters.JUnitReportReporter -->
<testsuite hostname="Sony-PC" failures="0" tests="1" name="testNG.OpenThreeBrowserByUsingTestng" time="5.889" errors="0" timestamp="2020-10-12T18:26:14 IST" skipped="0">
  <testcase classname="testNG.OpenThreeBrowserByUsingTestng" name="openGamil" time="5.889"/>
  <system-out/>
</testsuite> <!-- testNG.OpenThreeBrowserByUsingTestng -->
